[0m2021.09.07 15:40:57 INFO  Started: Metals version 0.10.5 in workspace 'C:\Users\Andrew Davidson\WEBSITE' for client Visual Studio Code - Insiders 1.61.0-insider.[0m
[0m2021.09.07 15:40:58 INFO  time: initialize in 1.53s[0m
[0m2021.09.07 15:41:00 WARN  Build server is not auto-connectable.[0m
[0m2021.09.07 15:41:00 WARN  no build tool detected in workspace 'C:\Users\Andrew Davidson\WEBSITE'. The most common cause for this problem is that the editor was opened in the wrong working directory, for example if you use sbt then the workspace directory should contain build.sbt. [0m
Sep 07, 2021 3:42:41 PM org.eclipse.lsp4j.jsonrpc.services.GenericEndpoint notify
INFO: Unsupported notification method: $/setTrace
Sep 07, 2021 5:12:15 PM org.eclipse.lsp4j.jsonrpc.services.GenericEndpoint notify
INFO: Unsupported notification method: $/setTrace
Sep 07, 2021 5:13:23 PM org.eclipse.lsp4j.jsonrpc.services.GenericEndpoint notify
INFO: Unsupported notification method: $/setTrace
[0m2021.09.07 18:34:29 INFO  Started: Metals version 0.10.6 in workspace 'C:\Users\Andrew Davidson\WEBSITE' for client Visual Studio Code - Insiders 1.61.0-insider.[0m
[0m2021.09.07 18:34:31 INFO  time: initialize in 1.25s[0m
[0m2021.09.07 18:34:36 WARN  Build server is not auto-connectable.[0m
[0m2021.09.07 18:34:36 WARN  no build tool detected in workspace 'C:\Users\Andrew Davidson\WEBSITE'. The most common cause for this problem is that the editor was opened in the wrong working directory, for example if you use sbt then the workspace directory should contain build.sbt. [0m
Sep 07, 2021 6:44:09 PM org.eclipse.lsp4j.jsonrpc.services.GenericEndpoint notify
INFO: Unsupported notification method: $/setTrace
[0m2021.09.08 12:19:29 INFO  Started: Metals version 0.10.6 in workspace 'C:\Users\Andrew Davidson\WEBSITE' for client Visual Studio Code - Insiders 1.61.0-insider.[0m
[0m2021.09.08 12:19:30 INFO  time: initialize in 1.25s[0m
[0m2021.09.08 12:19:36 WARN  Build server is not auto-connectable.[0m
[0m2021.09.08 12:19:36 WARN  no build tool detected in workspace 'C:\Users\Andrew Davidson\WEBSITE'. The most common cause for this problem is that the editor was opened in the wrong working directory, for example if you use sbt then the workspace directory should contain build.sbt. [0m
[0m2021.09.08 14:19:42 INFO  Started: Metals version 0.10.6 in workspace 'C:\Users\Andrew Davidson\WEBSITE' for client Visual Studio Code - Insiders 1.61.0-insider.[0m
[0m2021.09.08 14:19:45 INFO  time: initialize in 2.98s[0m
[0m2021.09.08 14:21:29 WARN  Build server is not auto-connectable.[0m
[0m2021.09.08 14:21:29 WARN  no build tool detected in workspace 'C:\Users\Andrew Davidson\WEBSITE'. The most common cause for this problem is that the editor was opened in the wrong working directory, for example if you use sbt then the workspace directory should contain build.sbt. [0m
Sep 08, 2021 2:41:59 PM org.eclipse.lsp4j.jsonrpc.services.GenericEndpoint notify
INFO: Unsupported notification method: $/setTrace
Sep 08, 2021 4:48:49 PM org.eclipse.lsp4j.jsonrpc.services.GenericEndpoint notify
INFO: Unsupported notification method: $/setTrace
Sep 08, 2021 4:48:51 PM org.eclipse.lsp4j.jsonrpc.services.GenericEndpoint notify
INFO: Unsupported notification method: $/setTrace
Sep 08, 2021 4:49:12 PM org.eclipse.lsp4j.jsonrpc.services.GenericEndpoint notify
INFO: Unsupported notification method: $/setTrace
Sep 08, 2021 4:58:06 PM org.eclipse.lsp4j.jsonrpc.services.GenericEndpoint notify
INFO: Unsupported notification method: $/setTrace
Sep 08, 2021 5:01:33 PM org.eclipse.lsp4j.jsonrpc.services.GenericEndpoint notify
INFO: Unsupported notification method: $/setTrace
[0m2021.09.09 00:14:53 INFO  Started: Metals version 0.10.6 in workspace 'C:\Users\Andrew Davidson\WEBSITE' for client Visual Studio Code - Insiders 1.61.0-insider.[0m
[0m2021.09.09 00:14:54 INFO  time: initialize in 1.75s[0m
[0m2021.09.09 00:15:16 WARN  Build server is not auto-connectable.[0m
[0m2021.09.09 00:15:16 WARN  no build tool detected in workspace 'C:\Users\Andrew Davidson\WEBSITE'. The most common cause for this problem is that the editor was opened in the wrong working directory, for example if you use sbt then the workspace directory should contain build.sbt. [0m
